#
# A fatal error has been detected by the Java Runtime Environment:
#
#  EXCEPTION_ACCESS_VIOLATION (0xc0000005) at pc=0x000000001f917190, pid=6496, tid=0x00000000000021bc
#
# JRE version: OpenJDK Runtime Environment (8.0_152-b01) (build 1.8.0_152-release-1343-b01)
# Java VM: OpenJDK 64-Bit Server VM (25.152-b01 mixed mode windows-amd64 compressed oops)
# Problematic frame:
# C  0x000000001f917190
#
# Failed to write core dump. Minidumps are not enabled by default on client versions of Windows
#
# If you would like to submit a bug report, please visit:
#   http://bugreport.java.com/bugreport/crash.jsp
#

---------------  T H R E A D  ---------------

Current thread (0x000000001831d000):  JavaThread "C2 CompilerThread0" daemon [_thread_in_native, id=8636, stack(0x0000000019970000,0x0000000019a70000)]

siginfo: ExceptionCode=0xc0000005, ExceptionInformation=0x0000000000000008 0x000000001f917190

Registers:
RAX=0x000000001f9174a8, RBX=0x000000001f917418, RCX=0x000000001f917418, RDX=0x000000001d278e80
RSP=0x0000000019a6b888, RBP=0x0000000019a6ba00, RSI=0x0000000000000303, RDI=0x0000000019a6b9a8
R8 =0x000000000000007b, R9 =0x0000000020000000, R10=0x0000000019a6bd90, R11=0x000000001a640a20
R12=0x0000000000000008, R13=0x000000001f914230, R14=0x0000000019a6b938, R15=0x0000000019a6b958
RIP=0x000000001f917190, EFLAGS=0x0000000000010202

Top of Stack: (sp=0x0000000019a6b888)
0x0000000019a6b888:   000000005e22ec67 000000001d773c30
0x0000000019a6b898:   0000000000000303 0000000000000002
0x0000000019a6b8a8:   0000000016c34950 0000000019a6c768
0x0000000019a6b8b8:   000000005e262020 000000001d8d0680
0x0000000019a6b8c8:   0000000016c34950 000000001b249c70
0x0000000019a6b8d8:   0000000019a6ba00 0000000016c34950
0x0000000019a6b8e8:   0000000000000029 0000000019a6bd90
0x0000000019a6b8f8:   000000005e230b13 0000000019a6bd90
0x0000000019a6b908:   0000000000000001 0000000000000017
0x0000000019a6b918:   0000000019a6b9a8 000000001d8d06d0
0x0000000019a6b928:   000000001d8d8668 00000000000a81f8
0x0000000019a6b938:   0000000016c34950 0000000000000400
0x0000000019a6b948:   000000001d27dce0 0000000000000304
0x0000000019a6b958:   000000005e3d80d8 0000000016c34950
0x0000000019a6b968:   0000000000000100 000000001d278e80
0x0000000019a6b978:   0000000000000029 000000001d8d0680 

Instructions: (pc=0x000000001f917190)
0x000000001f917170:   c8 7c 9b 1e 00 00 00 00 c8 7c 9b 1e 00 00 00 00
0x000000001f917180:   00 00 00 00 00 00 00 00 2f 04 00 00 12 00 01 00
0x000000001f917190:   b8 4c 3d 5e 00 00 00 00 c0 71 91 1f 00 00 00 00
0x000000001f9171a0:   a8 72 91 1f 00 00 00 00 06 00 00 00 08 00 00 00 


Register to memory mapping:

RAX=0x000000001f9174a8 is an unknown value
RBX=0x000000001f917418 is an unknown value
RCX=0x000000001f917418 is an unknown value
RDX=0x000000001d278e80 is an unknown value
RSP=0x0000000019a6b888 is pointing into the stack for thread: 0x000000001831d000
RBP=0x0000000019a6ba00 is pointing into the stack for thread: 0x000000001831d000
RSI=0x0000000000000303 is an unknown value
RDI=0x0000000019a6b9a8 is pointing into the stack for thread: 0x000000001831d000
R8 =0x000000000000007b is an unknown value
R9 =0x0000000020000000 is an unknown value
R10=0x0000000019a6bd90 is pointing into the stack for thread: 0x000000001831d000
R11=0x000000001a640a20 is an unknown value
R12=0x0000000000000008 is an unknown value
R13=0x000000001f914230 is an unknown value
R14=0x0000000019a6b938 is pointing into the stack for thread: 0x000000001831d000
R15=0x0000000019a6b958 is pointing into the stack for thread: 0x000000001831d000


Stack: [0x0000000019970000,0x0000000019a70000],  sp=0x0000000019a6b888,  free space=1006k
Native frames: (J=compiled Java code, j=interpreted, Vv=VM code, C=native code)
C  0x000000001f917190


Current CompileTask:
C2:   2411 2246       4       org.objectweb.asm.Frame::execute (2318 bytes)


---------------  P R O C E S S  ---------------

Java Threads: ( => current thread )
  0x000000001b2c9000 JavaThread "Cache worker for execution history cache (C:\Users\PC\.gradle\caches\5.1.1\executionHistory)" [_thread_blocked, id=4228, stack(0x0000000021d10000,0x0000000021e10000)]
  0x000000001b2c7800 JavaThread "Cache worker for cache directory md-rule (C:\Users\PC\.gradle\caches\5.1.1\md-rule)" [_thread_blocked, id=8072, stack(0x0000000021c10000,0x0000000021d10000)]
  0x000000001b2cb800 JavaThread "Cache worker for cache directory md-supplier (C:\Users\PC\.gradle\caches\5.1.1\md-supplier)" [_thread_blocked, id=10292, stack(0x0000000020930000,0x0000000020a30000)]
  0x000000001b2cc000 JavaThread "Cache worker for file hash cache (C:\Users\PC\AndroidStudioProjects\Hibike\.gradle\5.1.1\fileHashes)" [_thread_blocked, id=5620, stack(0x000000001ed70000,0x000000001ee70000)]
  0x000000001b2ca000 JavaThread "Cache worker for journal cache (C:\Users\PC\.gradle\caches\journal-1)" [_thread_blocked, id=6668, stack(0x000000001cad0000,0x000000001cbd0000)]
  0x000000001b38f800 JavaThread "File lock request listener" [_thread_in_native, id=4252, stack(0x000000001c9d0000,0x000000001cad0000)]
  0x000000001b39e800 JavaThread "Cache worker for file hash cache (C:\Users\PC\.gradle\caches\5.1.1\fileHashes)" [_thread_blocked, id=4980, stack(0x000000001c8d0000,0x000000001c9d0000)]
  0x000000001b2e8800 JavaThread "Thread-8" [_thread_blocked, id=1552, stack(0x000000001c7d0000,0x000000001c8d0000)]
  0x000000001b294800 JavaThread "Stdin handler" [_thread_blocked, id=5840, stack(0x000000001c6d0000,0x000000001c7d0000)]
  0x000000001b294000 JavaThread "Asynchronous log dispatcher for DefaultDaemonConnection: socket connection from /127.0.0.1:3103 to /127.0.0.1:3104" [_thread_blocked, id=10028, stack(0x000000001c5d0000,0x000000001c6d0000)]
  0x000000001b290000 JavaThread "Daemon worker" [_thread_in_native, id=6484, stack(0x000000001c4d0000,0x000000001c5d0000)]
  0x000000001b2dd000 JavaThread "Cancel handler" [_thread_blocked, id=9964, stack(0x000000001c3d0000,0x000000001c4d0000)]
  0x000000001b1c4800 JavaThread "Handler for socket connection from /127.0.0.1:3103 to /127.0.0.1:3104" [_thread_in_native, id=10480, stack(0x000000001c0d0000,0x000000001c1d0000)]
  0x000000001b1c4000 JavaThread "Daemon" [_thread_blocked, id=6868, stack(0x000000001bfd0000,0x000000001c0d0000)]
  0x000000001b1b2000 JavaThread "Daemon periodic checks" [_thread_blocked, id=4916, stack(0x000000001bed0000,0x000000001bfd0000)]
  0x000000001b19b800 JavaThread "Incoming local TCP Connector on port 3103" [_thread_in_native, id=6212, stack(0x000000001bc80000,0x000000001bd80000)]
  0x00000000183a7000 JavaThread "Service Thread" daemon [_thread_blocked, id=1692, stack(0x0000000019d70000,0x0000000019e70000)]
  0x0000000018329000 JavaThread "C1 CompilerThread3" daemon [_thread_blocked, id=1200, stack(0x0000000019c70000,0x0000000019d70000)]
  0x0000000016c4e000 JavaThread "C2 CompilerThread2" daemon [_thread_blocked, id=11360, stack(0x0000000019b70000,0x0000000019c70000)]
  0x0000000016c4b000 JavaThread "C2 CompilerThread1" daemon [_thread_in_native, id=11928, stack(0x0000000019a70000,0x0000000019b70000)]
=>0x000000001831d000 JavaThread "C2 CompilerThread0" daemon [_thread_in_native, id=8636, stack(0x0000000019970000,0x0000000019a70000)]
  0x000000001831b800 JavaThread "Attach Listener" daemon [_thread_blocked, id=11356, stack(0x0000000019870000,0x0000000019970000)]
  0x0000000018328000 JavaThread "Signal Dispatcher" daemon [_thread_blocked, id=7816, stack(0x0000000019770000,0x0000000019870000)]
  0x0000000018313000 JavaThread "Finalizer" daemon [_thread_blocked, id=2824, stack(0x0000000019570000,0x0000000019670000)]
  0x0000000016c3b800 JavaThread "Reference Handler" daemon [_thread_blocked, id=10432, stack(0x0000000019470000,0x0000000019570000)]
  0x0000000002b80800 JavaThread "main" [_thread_blocked, id=12272, stack(0x0000000002a80000,0x0000000002b80000)]

Other Threads:
  0x0000000016c35800 VMThread [stack: 0x0000000019370000,0x0000000019470000] [id=9628]
  0x00000000183b8000 WatcherThread [stack: 0x0000000019e70000,0x0000000019f70000] [id=7540]

VM state:not at safepoint (normal execution)

VM Mutex/Monitor currently owned by a thread: None

Heap:
 PSYoungGen      total 141824K, used 121249K [0x00000000e0000000, 0x00000000f1500000, 0x0000000100000000)
  eden space 131072K, 92% used [0x00000000e0000000,0x00000000e7668550,0x00000000e8000000)
  from space 10752K, 0% used [0x00000000e8000000,0x00000000e8000000,0x00000000e8a80000)
  to   space 10752K, 0% used [0x00000000f0a80000,0x00000000f0a80000,0x00000000f1500000)
 ParOldGen       total 110592K, used 11018K [0x00000000a0000000, 0x00000000a6c00000, 0x00000000e0000000)
  object space 110592K, 9% used [0x00000000a0000000,0x00000000a0ac2900,0x00000000a6c00000)
 Metaspace       used 31174K, capacity 31696K, committed 32000K, reserved 1077248K
  class space    used 4292K, capacity 4494K, committed 4608K, reserved 1048576K

Card table byte_map: [0x0000000012040000,0x0000000012350000] byte_map_base: 0x0000000011b40000

Marking Bits: (ParMarkBitMap*) 0x000000005e565aa0
 Begin Bits: [0x0000000012f50000, 0x0000000014750000)
 End Bits:   [0x0000000014750000, 0x0000000015f50000)

Polling page: 0x0000000001140000

CodeCache: size=245760Kb used=9153Kb max_used=9161Kb free=236606Kb
 bounds [0x0000000002c80000, 0x0000000003580000, 0x0000000011c80000]
 total_blobs=2943 nmethods=2274 adapters=583
 compilation: enabled

Compilation events (10 events):
Event: 2.396 Thread 0x0000000018329000 2266       3       java.beans.PropertyDescriptor::setClass0 (25 bytes)
Event: 2.397 Thread 0x0000000018329000 nmethod 2266 0x0000000003560690 code [0x0000000003560880, 0x0000000003561398]
Event: 2.397 Thread 0x0000000018329000 2267   !   3       java.beans.PropertyDescriptor::findPropertyType (188 bytes)
Event: 2.399 Thread 0x0000000016c4b000 nmethod 2264 0x000000000355f3d0 code [0x000000000355f540, 0x0000000003560158]
Event: 2.400 Thread 0x0000000016c4b000 2272       4       java.lang.Thread::interrupted (8 bytes)
Event: 2.400 Thread 0x0000000016c4b000 nmethod 2272 0x0000000003558890 code [0x00000000035589e0, 0x0000000003558a68]
Event: 2.400 Thread 0x0000000016c4b000 2273       4       java.net.URLStreamHandler::toExternalForm (219 bytes)
Event: 2.401 Thread 0x0000000018329000 nmethod 2267 0x000000000356c210 code [0x000000000356c960, 0x0000000003571928]
Event: 2.401 Thread 0x0000000018329000 2268       3       java.beans.PropertyDescriptor::setPropertyType (9 bytes)
Event: 2.402 Thread 0x0000000018329000 nmethod 2268 0x000000000356b910 code [0x000000000356baa0, 0x000000000356be28]

GC Heap History (8 events):
Event: 0.654 GC heap before
{Heap before GC invocations=1 (full 0):
 PSYoungGen      total 76288K, used 65536K [0x00000000e0000000, 0x00000000e5500000, 0x0000000100000000)
  eden space 65536K, 100% used [0x00000000e0000000,0x00000000e4000000,0x00000000e4000000)
  from space 10752K, 0% used [0x00000000e4a80000,0x00000000e4a80000,0x00000000e5500000)
  to   space 10752K, 0% used [0x00000000e4000000,0x00000000e4000000,0x00000000e4a80000)
 ParOldGen       total 175104K, used 0K [0x00000000a0000000, 0x00000000aab00000, 0x00000000e0000000)
  object space 175104K, 0% used [0x00000000a0000000,0x00000000a0000000,0x00000000aab00000)
 Metaspace       used 8543K, capacity 8676K, committed 8960K, reserved 1056768K
  class space    used 1106K, capacity 1176K, committed 1280K, reserved 1048576K
Event: 0.661 GC heap after
Heap after GC invocations=1 (full 0):
 PSYoungGen      total 76288K, used 6870K [0x00000000e0000000, 0x00000000e9500000, 0x0000000100000000)
  eden space 65536K, 0% used [0x00000000e0000000,0x00000000e0000000,0x00000000e4000000)
  from space 10752K, 63% used [0x00000000e4000000,0x00000000e46b5b48,0x00000000e4a80000)
  to   space 10752K, 0% used [0x00000000e8a80000,0x00000000e8a80000,0x00000000e9500000)
 ParOldGen       total 175104K, used 16K [0x00000000a0000000, 0x00000000aab00000, 0x00000000e0000000)
  object space 175104K, 0% used [0x00000000a0000000,0x00000000a0004000,0x00000000aab00000)
 Metaspace       used 8543K, capacity 8676K, committed 8960K, reserved 1056768K
  class space    used 1106K, capacity 1176K, committed 1280K, reserved 1048576K
}
Event: 1.219 GC heap before
{Heap before GC invocations=2 (full 0):
 PSYoungGen      total 76288K, used 72406K [0x00000000e0000000, 0x00000000e9500000, 0x0000000100000000)
  eden space 65536K, 100% used [0x00000000e0000000,0x00000000e4000000,0x00000000e4000000)
  from space 10752K, 63% used [0x00000000e4000000,0x00000000e46b5b48,0x00000000e4a80000)
  to   space 10752K, 0% used [0x00000000e8a80000,0x00000000e8a80000,0x00000000e9500000)
 ParOldGen       total 175104K, used 16K [0x00000000a0000000, 0x00000000aab00000, 0x00000000e0000000)
  object space 175104K, 0% used [0x00000000a0000000,0x00000000a0004000,0x00000000aab00000)
 Metaspace       used 15407K, capacity 15788K, committed 16000K, reserved 1062912K
  class space    used 2199K, capacity 2332K, committed 2432K, reserved 1048576K
Event: 1.228 GC heap after
Heap after GC invocations=2 (full 0):
 PSYoungGen      total 141824K, used 10399K [0x00000000e0000000, 0x00000000e9500000, 0x0000000100000000)
  eden space 131072K, 0% used [0x00000000e0000000,0x00000000e0000000,0x00000000e8000000)
  from space 10752K, 96% used [0x00000000e8a80000,0x00000000e94a7e90,0x00000000e9500000)
  to   space 10752K, 0% used [0x00000000e8000000,0x00000000e8000000,0x00000000e8a80000)
 ParOldGen       total 175104K, used 24K [0x00000000a0000000, 0x00000000aab00000, 0x00000000e0000000)
  object space 175104K, 0% used [0x00000000a0000000,0x00000000a0006000,0x00000000aab00000)
 Metaspace       used 15407K, capacity 15788K, committed 16000K, reserved 1062912K
  class space    used 2199K, capacity 2332K, committed 2432K, reserved 1048576K
}
Event: 1.585 GC heap before
{Heap before GC invocations=3 (full 0):
 PSYoungGen      total 141824K, used 61694K [0x00000000e0000000, 0x00000000e9500000, 0x0000000100000000)
  eden space 131072K, 39% used [0x00000000e0000000,0x00000000e3217d58,0x00000000e8000000)
  from space 10752K, 96% used [0x00000000e8a80000,0x00000000e94a7e90,0x00000000e9500000)
  to   space 10752K, 0% used [0x00000000e8000000,0x00000000e8000000,0x00000000e8a80000)
 ParOldGen       total 175104K, used 24K [0x00000000a0000000, 0x00000000aab00000, 0x00000000e0000000)
  object space 175104K, 0% used [0x00000000a0000000,0x00000000a0006000,0x00000000aab00000)
 Metaspace       used 20705K, capacity 21114K, committed 21296K, reserved 1067008K
  class space    used 2904K, capacity 3091K, committed 3200K, reserved 1048576K
Event: 1.593 GC heap after
Heap after GC invocations=3 (full 0):
 PSYoungGen      total 141824K, used 10722K [0x00000000e0000000, 0x00000000f1500000, 0x0000000100000000)
  eden space 131072K, 0% used [0x00000000e0000000,0x00000000e0000000,0x00000000e8000000)
  from space 10752K, 99% used [0x00000000e8000000,0x00000000e8a789b0,0x00000000e8a80000)
  to   space 10752K, 0% used [0x00000000f0a80000,0x00000000f0a80000,0x00000000f1500000)
 ParOldGen       total 175104K, used 705K [0x00000000a0000000, 0x00000000aab00000, 0x00000000e0000000)
  object space 175104K, 0% used [0x00000000a0000000,0x00000000a00b0748,0x00000000aab00000)
 Metaspace       used 20705K, capacity 21114K, committed 21296K, reserved 1067008K
  class space    used 2904K, capacity 3091K, committed 3200K, reserved 1048576K
}
Event: 1.593 GC heap before
{Heap before GC invocations=4 (full 1):
 PSYoungGen      total 141824K, used 10722K [0x00000000e0000000, 0x00000000f1500000, 0x0000000100000000)
  eden space 131072K, 0% used [0x00000000e0000000,0x00000000e0000000,0x00000000e8000000)
  from space 10752K, 99% used [0x00000000e8000000,0x00000000e8a789b0,0x00000000e8a80000)
  to   space 10752K, 0% used [0x00000000f0a80000,0x00000000f0a80000,0x00000000f1500000)
 ParOldGen       total 175104K, used 705K [0x00000000a0000000, 0x00000000aab00000, 0x00000000e0000000)
  object space 175104K, 0% used [0x00000000a0000000,0x00000000a00b0748,0x00000000aab00000)
 Metaspace       used 20705K, capacity 21114K, committed 21296K, reserved 1067008K
  class space    used 2904K, capacity 3091K, committed 3200K, reserved 1048576K
Event: 1.619 GC heap after
Heap after GC invocations=4 (full 1):
 PSYoungGen      total 141824K, used 0K [0x00000000e0000000, 0x00000000f1500000, 0x0000000100000000)
  eden space 131072K, 0% used [0x00000000e0000000,0x00000000e0000000,0x00000000e8000000)
  from space 10752K, 0% used [0x00000000e8000000,0x00000000e8000000,0x00000000e8a80000)
  to   space 10752K, 0% used [0x00000000f0a80000,0x00000000f0a80000,0x00000000f1500000)
 ParOldGen       total 110592K, used 11018K [0x00000000a0000000, 0x00000000a6c00000, 0x00000000e0000000)
  object space 110592K, 9% used [0x00000000a0000000,0x00000000a0ac2900,0x00000000a6c00000)
 Metaspace       used 20705K, capacity 21114K, committed 21296K, reserved 1067008K
  class space    used 2904K, capacity 3091K, committed 3200K, reserved 1048576K
}

Deoptimization events (10 events):
Event: 1.783 Thread 0x000000001b290000 Uncommon trap: reason=class_check action=maybe_recompile pc=0x0000000003201e70 method=sun.misc.URLClassPath.getLoader(I)Lsun/misc/URLClassPath$Loader; @ 239
Event: 1.788 Thread 0x000000001b290000 Uncommon trap: reason=class_check action=maybe_recompile pc=0x0000000003201e70 method=sun.misc.URLClassPath.getLoader(I)Lsun/misc/URLClassPath$Loader; @ 239
Event: 1.922 Thread 0x000000001b290000 Uncommon trap: reason=unstable_if action=reinterpret pc=0x00000000030ca0d4 method=java.util.HashMap.hash(Ljava/lang/Object;)I @ 1
Event: 1.968 Thread 0x000000001b290000 Uncommon trap: reason=unstable_if action=reinterpret pc=0x0000000002ee6cb4 method=java.util.HashMap.getNode(ILjava/lang/Object;)Ljava/util/HashMap$Node; @ 53
Event: 1.968 Thread 0x000000001b290000 Uncommon trap: reason=unstable_if action=reinterpret pc=0x0000000002f062b0 method=java.util.HashMap.hash(Ljava/lang/Object;)I @ 1
Event: 1.968 Thread 0x000000001b290000 Uncommon trap: reason=unstable_if action=reinterpret pc=0x00000000030942bc method=java.util.HashMap.putVal(ILjava/lang/Object;Ljava/lang/Object;ZZ)Ljava/lang/Object; @ 85
Event: 1.993 Thread 0x000000001b290000 Uncommon trap: reason=unstable_if action=reinterpret pc=0x0000000002f435b0 method=java.util.LinkedHashMap.afterNodeInsertion(Z)V @ 1
Event: 2.106 Thread 0x000000001b290000 Uncommon trap: reason=class_check action=maybe_recompile pc=0x0000000003201d3c method=sun.misc.URLClassPath.getLoader(I)Lsun/misc/URLClassPath$Loader; @ 94
Event: 2.115 Thread 0x000000001b290000 Uncommon trap: reason=class_check action=maybe_recompile pc=0x00000000031fb114 method=sun.misc.URLClassPath.getLoader(I)Lsun/misc/URLClassPath$Loader; @ 239
Event: 2.174 Thread 0x000000001b290000 Uncommon trap: reason=unstable_if action=reinterpret pc=0x0000000002f026dc method=java.io.WinNTFileSystem.resolve(Ljava/lang/String;Ljava/lang/String;)Ljava/lang/String; @ 49

Classes redefined (0 events):
No events

Internal exceptions (10 events):
Event: 2.210 Thread 0x000000001b290000 Exception <a 'java/lang/ClassNotFoundException': org/gradle/api/internal/DefaultDomainObjectCollectionCustomizer> (0x00000000e5068668) thrown at [D:\src\AOSP-openjdk-cygwin\jdk8u\hotspot\src\share\vm\classfile\systemDictionary.cpp, line 210]
Event: 2.211 Thread 0x000000001b290000 Exception <a 'java/lang/ClassNotFoundException': org/gradle/api/internal/DefaultNamedDomainObjectCollectionCustomizer> (0x00000000e50c4e10) thrown at [D:\src\AOSP-openjdk-cygwin\jdk8u\hotspot\src\share\vm\classfile\systemDictionary.cpp, line 210]
Event: 2.214 Thread 0x000000001b290000 Exception <a 'java/lang/ClassNotFoundException': org/gradle/api/internal/DefaultNamedDomainObjectListCustomizer> (0x00000000e513ad10) thrown at [D:\src\AOSP-openjdk-cygwin\jdk8u\hotspot\src\share\vm\classfile\systemDictionary.cpp, line 210]
Event: 2.215 Thread 0x000000001b290000 Exception <a 'java/lang/ClassNotFoundException': org/gradle/api/internal/artifacts/DefaultArtifactRepositoryContainerCustomizer> (0x00000000e51ad6b8) thrown at [D:\src\AOSP-openjdk-cygwin\jdk8u\hotspot\src\share\vm\classfile\systemDictionary.cpp, line 210
Event: 2.216 Thread 0x000000001b290000 Exception <a 'java/lang/ClassNotFoundException': org/gradle/api/internal/artifacts/dsl/DefaultRepositoryHandlerCustomizer> (0x00000000e52125b0) thrown at [D:\src\AOSP-openjdk-cygwin\jdk8u\hotspot\src\share\vm\classfile\systemDictionary.cpp, line 210]
Event: 2.217 Thread 0x000000001b290000 Exception <a 'java/lang/ClassNotFoundException': org/gradle/api/internal/artifacts/dsl/DefaultRepositoryHandler_DecoratedCustomizer> (0x00000000e5280000) thrown at [D:\src\AOSP-openjdk-cygwin\jdk8u\hotspot\src\share\vm\classfile\systemDictionary.cpp, line
Event: 2.389 Thread 0x000000001b290000 Exception <a 'java/lang/ClassNotFoundException': org/gradle/api/internal/artifacts/dsl/dependencies/DefaultDependencyHandler_DecoratedBeanInfo> (0x00000000e70cfb88) thrown at [D:\src\AOSP-openjdk-cygwin\jdk8u\hotspot\src\share\vm\classfile\systemDictionar
Event: 2.390 Thread 0x000000001b290000 Exception <a 'java/lang/ClassNotFoundException': org/gradle/api/internal/artifacts/dsl/dependencies/DefaultDependencyHandlerBeanInfo> (0x00000000e71237f8) thrown at [D:\src\AOSP-openjdk-cygwin\jdk8u\hotspot\src\share\vm\classfile\systemDictionary.cpp, lin
Event: 2.390 Thread 0x000000001b290000 Exception <a 'java/lang/ClassNotFoundException': org/gradle/api/internal/artifacts/dsl/dependencies/DefaultDependencyHandlerCustomizer> (0x00000000e71783c8) thrown at [D:\src\AOSP-openjdk-cygwin\jdk8u\hotspot\src\share\vm\classfile\systemDictionary.cpp, l
Event: 2.392 Thread 0x000000001b290000 Exception <a 'java/lang/ClassNotFoundException': org/gradle/api/internal/artifacts/dsl/dependencies/DefaultDependencyHandler_DecoratedCustomizer> (0x00000000e71facf0) thrown at [D:\src\AOSP-openjdk-cygwin\jdk8u\hotspot\src\share\vm\classfile\systemDiction

Events (10 events):
Event: 2.402 loading class org/gradle/api/internal/artifacts/configurations/ResolveConfigurationDependenciesBuildOperationType$Repository
Event: 2.402 loading class org/gradle/api/internal/artifacts/configurations/ResolveConfigurationDependenciesBuildOperationType$Repository done
Event: 2.402 loading class org/gradle/api/internal/artifacts/configurations/ResolveConfigurationResolutionBuildOperationDetails$RepositoryImpl$1
Event: 2.402 loading class org/gradle/api/internal/artifacts/configurations/ResolveConfigurationResolutionBuildOperationDetails$RepositoryImpl$1 done
Event: 2.402 loading class org/gradle/api/internal/artifacts/repositories/descriptor/MavenRepositoryDescriptor$Builder
Event: 2.402 loading class org/gradle/api/internal/artifacts/repositories/descriptor/MavenRepositoryDescriptor$Builder done
Event: 2.403 loading class org/gradle/api/internal/artifacts/repositories/descriptor/UrlRepositoryDescriptor$Builder
Event: 2.403 loading class org/gradle/api/internal/artifacts/repositories/descriptor/UrlRepositoryDescriptor$Builder done
Event: 2.403 loading class org/gradle/api/internal/artifacts/repositories/AbstractAuthenticationSupportedRepository$1
Event: 2.403 loading class org/gradle/api/internal/artifacts/repositories/AbstractAuthenticationSupportedRepository$1 done


Dynamic libraries:
0x00007ff68eeb0000 - 0x00007ff68eee1000 	D:\Android Studio\jre\bin\java.exe
0x00007ffb2b8e0000 - 0x00007ffb2bacd000 	C:\Windows\SYSTEM32\ntdll.dll
0x00007ffb291e0000 - 0x00007ffb29293000 	C:\Windows\System32\KERNEL32.DLL
0x00007ffb279b0000 - 0x00007ffb27c43000 	C:\Windows\System32\KERNELBASE.dll
0x00007ffb25bd0000 - 0x00007ffb25c5c000 	C:\Windows\SYSTEM32\apphelp.dll
0x00007ffb29aa0000 - 0x00007ffb29b43000 	C:\Windows\System32\ADVAPI32.dll
0x00007ffb28d30000 - 0x00007ffb28dce000 	C:\Windows\System32\msvcrt.dll
0x00007ffb29380000 - 0x00007ffb2941e000 	C:\Windows\System32\sechost.dll
0x00007ffb296a0000 - 0x00007ffb297c2000 	C:\Windows\System32\RPCRT4.dll
0x00007ffb29420000 - 0x00007ffb295b7000 	C:\Windows\System32\USER32.dll
0x00007ffb28ac0000 - 0x00007ffb28ae0000 	C:\Windows\System32\win32u.dll
0x00007ffb2a2a0000 - 0x00007ffb2a2c9000 	C:\Windows\System32\GDI32.dll
0x00007ffb27c50000 - 0x00007ffb27dea000 	C:\Windows\System32\gdi32full.dll
0x00007ffb28220000 - 0x00007ffb282c0000 	C:\Windows\System32\msvcp_win.dll
0x00007ffb27ea0000 - 0x00007ffb27f9c000 	C:\Windows\System32\ucrtbase.dll
0x00007ffb1d060000 - 0x00007ffb1d2d9000 	C:\Windows\WinSxS\amd64_microsoft.windows.common-controls_6595b64144ccf1df_6.0.17763.316_none_05b53be2071f46b6\COMCTL32.dll
0x00007ffb28dd0000 - 0x00007ffb290fd000 	C:\Windows\System32\combase.dll
0x00007ffb27fa0000 - 0x00007ffb2801e000 	C:\Windows\System32\bcryptPrimitives.dll
0x00007ffb29100000 - 0x00007ffb2912e000 	C:\Windows\System32\IMM32.DLL
0x000000005e980000 - 0x000000005ea52000 	D:\Android Studio\jre\jre\bin\msvcr100.dll
0x000000005dda0000 - 0x000000005e5e1000 	D:\Android Studio\jre\jre\bin\server\jvm.dll
0x00007ffb29880000 - 0x00007ffb29888000 	C:\Windows\System32\PSAPI.DLL
0x00007ffb22800000 - 0x00007ffb2280a000 	C:\Windows\SYSTEM32\VERSION.dll
0x00007ffb242b0000 - 0x00007ffb242b9000 	C:\Windows\SYSTEM32\WSOCK32.dll
0x00007ffb25550000 - 0x00007ffb25574000 	C:\Windows\SYSTEM32\WINMM.dll
0x00007ffb2a2d0000 - 0x00007ffb2a33d000 	C:\Windows\System32\WS2_32.dll
0x00007ffb25520000 - 0x00007ffb2554d000 	C:\Windows\SYSTEM32\WINMMBASE.dll
0x00007ffb27df0000 - 0x00007ffb27e3a000 	C:\Windows\System32\cfgmgr32.dll
0x00007ffb242a0000 - 0x00007ffb242af000 	D:\Android Studio\jre\jre\bin\verify.dll
0x00007ffb18a60000 - 0x00007ffb18a89000 	D:\Android Studio\jre\jre\bin\java.dll
0x00007ffb18a40000 - 0x00007ffb18a56000 	D:\Android Studio\jre\jre\bin\zip.dll
0x00007ffb2a340000 - 0x00007ffb2b82f000 	C:\Windows\System32\SHELL32.dll
0x00007ffb297d0000 - 0x00007ffb29878000 	C:\Windows\System32\shcore.dll
0x00007ffb282c0000 - 0x00007ffb28a0a000 	C:\Windows\System32\windows.storage.dll
0x00007ffb27980000 - 0x00007ffb279a4000 	C:\Windows\System32\profapi.dll
0x00007ffb27920000 - 0x00007ffb2797d000 	C:\Windows\System32\powrprof.dll
0x00007ffb29910000 - 0x00007ffb29962000 	C:\Windows\System32\shlwapi.dll
0x00007ffb278e0000 - 0x00007ffb278f1000 	C:\Windows\System32\kernel.appcore.dll
0x00007ffb28200000 - 0x00007ffb28217000 	C:\Windows\System32\cryptsp.dll
0x00007ffb15fd0000 - 0x00007ffb15fea000 	D:\Android Studio\jre\jre\bin\net.dll
0x00007ffb27170000 - 0x00007ffb271d7000 	C:\Windows\system32\mswsock.dll
0x00007ffb142f0000 - 0x00007ffb14301000 	D:\Android Studio\jre\jre\bin\nio.dll
0x00007ffb0a430000 - 0x00007ffb0a44e000 	C:\Users\PC\.gradle\native\25\windows-amd64\native-platform.dll
0x00007ffb22d40000 - 0x00007ffb22d4d000 	D:\Android Studio\jre\jre\bin\management.dll
0x00007ffb26d30000 - 0x00007ffb26d63000 	C:\Windows\system32\rsaenh.dll
0x00007ffb28ae0000 - 0x00007ffb28b06000 	C:\Windows\System32\bcrypt.dll
0x00007ffb27810000 - 0x00007ffb27838000 	C:\Windows\SYSTEM32\USERENV.dll
0x00007ffb27340000 - 0x00007ffb2734c000 	C:\Windows\SYSTEM32\CRYPTBASE.dll
0x00007ffb26ed0000 - 0x00007ffb26f0d000 	C:\Windows\SYSTEM32\IPHLPAPI.DLL
0x00007ffb295c0000 - 0x00007ffb295c8000 	C:\Windows\System32\NSI.dll
0x00007ffb21fc0000 - 0x00007ffb21fd6000 	C:\Windows\SYSTEM32\dhcpcsvc6.DLL
0x00007ffb21fa0000 - 0x00007ffb21fbc000 	C:\Windows\SYSTEM32\dhcpcsvc.DLL
0x00007ffb26f10000 - 0x00007ffb26fd6000 	C:\Windows\SYSTEM32\DNSAPI.dll
0x00007ffb18640000 - 0x00007ffb1882d000 	C:\Windows\SYSTEM32\dbghelp.dll

VM Arguments:
jvm_args: -Xmx1536m -Dfile.encoding=windows-1251 -Duser.country=RU -Duser.language=ru -Duser.variant 
java_command: org.gradle.launcher.daemon.bootstrap.GradleDaemon 5.1.1
java_class_path (initial): C:\Users\PC\.gradle\wrapper\dists\gradle-5.1.1-all\97z1ksx6lirer3kbvdnh7jtjg\gradle-5.1.1\lib\gradle-launcher-5.1.1.jar
Launcher Type: SUN_STANDARD

Environment Variables:
JAVA_HOME=C:\Program Files\Java\jdk-12.0.1\bin
PATH=C:\Program Files\Java\jdk-12.0.1\bin;C:\Program Files (x86)\Common Files\Oracle\Java\javapath;C:\Windows\system32;C:\Windows;C:\Windows\System32\Wbem;C:\Windows\System32\WindowsPowerShell\v1.0\;C:\Windows\System32\OpenSSH\;C:\Program Files (x86)\NVIDIA Corporation\PhysX\Common;C:\Program Files\NVIDIA Corporation\NVIDIA NvDLISR;C:\Users\PC\AppData\Local\Microsoft\WindowsApps;C:\Program Files\Java\javafx-sdk-11.0.2\lib
USERNAME=PC
OS=Windows_NT
PROCESSOR_IDENTIFIER=AMD64 Family 23 Model 1 Stepping 1, AuthenticAMD



---------------  S Y S T E M  ---------------

OS: Windows 10.0 , 64 bit Build 17763 (10.0.17763.292)

CPU:total 12 (initial active 12) (12 cores per cpu, 1 threads per core) family 23 model 1 stepping 1, cmov, cx8, fxsr, mmx, sse, sse2, sse3, ssse3, sse4.1, sse4.2, popcnt, avx, avx2, aes, clmul, mmxext, 3dnowpref, lzcnt, sse4a, tsc, tscinvbit, tscinv, bmi1

Memory: 4k page, physical 16710500k(9738400k free), swap 19200868k(11497264k free)

vm_info: OpenJDK 64-Bit Server VM (25.152-b01) for windows-amd64 JRE (1.8.0_152-release-1343-b01), built by "builder" with MS VC++ 10.0 (VS2010)

time: Sat Jul 27 16:12:41 2019
elapsed time: 2 seconds (0d 0h 0m 2s)

